==============================================
=== Medium-Model Ablation Suite ===
=== Model: 18L / 1024d / 16 heads / 8 kv_heads ===
=== Params: ~133M (7.8x small) ===
=== GPUs: 4 ===
=== Experiments: 31 ===
=== Est. total time: ~62 hours (124 min/exp for fixed_tokens_10b) ===
=== Started at Sun May 10 15:44:11 UTC 2026 ===
==============================================

==============================================
=== [baseline] ===
=== Manifest: exp/baseline/baseline-medium.json ===
==============================================
--- Dry-run validation ---
[baseline-medium-fixed_time_20min]
  variant: baseline
  control: fixed_compute (fixed_compute)
  trainer: /inspire/hdd/global_user/wanjiaxin-253108030048/code/bag-of-tricks-transformers/exp/baseline/train_gpt.py
  run_id: experiment-20260510-154411-baseline-medium-fixed_time_20min
  model: layers=18 dim=1024 heads=16 kv_heads=8 mlp_mult=2
  tokens: target=0 actual=None
  wallclock: target=1200.0 max=1200.0
  output: /inspire/hdd/global_user/wanjiaxin-253108030048/code/bag-of-tricks-transformers/exp/baseline/logs/experiment-20260510-154411/baseline-medium-fixed_time_20min/result.json
  command: torchrun --standalone --nproc_per_node=4 --master_port=29500 /inspire/hdd/global_user/wanjiaxin-253108030048/code/bag-of-tricks-transformers/exp/baseline/train_gpt.py
[baseline-medium-fixed_tokens_10b]
  variant: baseline
  control: fixed_tokens (fixed_tokens)
  trainer: /inspire/hdd/global_user/wanjiaxin-253108030048/code/bag-of-tricks-transformers/exp/baseline/train_gpt.py
  run_id: experiment-20260510-154411-baseline-medium-fixed_tokens_10b
  model: layers=18 dim=1024 heads=16 kv_heads=8 mlp_mult=2
  tokens: target=10000000000 actual=10000269312
  wallclock: target=0.0 max=0.0
  output: /inspire/hdd/global_user/wanjiaxin-253108030048/code/bag-of-tricks-transformers/exp/baseline/logs/experiment-20260510-154411/baseline-medium-fixed_tokens_10b/result.json
  command: torchrun --standalone --nproc_per_node=4 --master_port=29501 /inspire/hdd/global_user/wanjiaxin-253108030048/code/bag-of-tricks-transformers/exp/baseline/train_gpt.py
--- Dry-run passed ---
--- Launching training ---
Running baseline / fixed_compute (experiment-20260510-154411-baseline-medium-fixed_time_20min)
W0510 15:44:14.114000 1949523 torch/distributed/run.py:774] 
W0510 15:44:14.114000 1949523 torch/distributed/run.py:774] *****************************************
W0510 15:44:14.114000 1949523 torch/distributed/run.py:774] Setting OMP_NUM_THREADS environment variable for each process to be 1 in default, to avoid your system being overloaded, please further tune the variable for optimal performance in your application as needed. 
W0510 15:44:14.114000 1949523 torch/distributed/run.py:774] *****************************************
/inspire/hdd/global_user/wanjiaxin-253108030048/code/bag-of-tricks-transformers/exp/baseline/logs/experiment-20260510-154411/baseline-medium-fixed_time_20min/log/experiment-20260510-154411-baseline-medium-fixed_time_20min.txt
val_bpb:enabled tokenizer_kind=sentencepiece tokenizer_path=./data/tokenizers/fineweb_1024_bpe.model
train_loader:dataset:fineweb10B_sp1024 train_shards:195
val_loader:shards pattern=./data/datasets/fineweb10B_sp1024/fineweb_val_*.bin tokens:62021632
model_params:133169152
world_size:4 grad_accum_steps:1
sdp_backends:cudnn=False flash=True mem_efficient=False math=False
attention_mode:gqa num_heads:16 num_kv_heads:8
tie_embeddings:True embed_lr:0.05 head_lr:0.0 matrix_lr:0.04 scalar_lr:0.04
train_batch_tokens:524288 train_seq_len:1024 iterations:1000000 warmup_steps:50 max_wallclock_seconds:1200.000
seed:1337
wandb: WARNING Using a boolean value for 'reinit' is deprecated. Use 'return_previous' or 'finish_previous' instead.
wandb: Tracking run with wandb version 0.25.1
wandb: W&B syncing is set to `offline` in this directory. Run `wandb online` or set WANDB_MODE=online to enable cloud syncing.
wandb: Run data is saved locally in /inspire/hdd/global_user/wanjiaxin-253108030048/code/bag-of-tricks-transformers/wandb/baseline-medium-fixed_time_20min/wandb/offline-run-20260510_154426-xpel2ss4
