========================================
=== Rerun-only Suite: 3 tricks (6 manifests) ===
=== Tricks: tie-embed kv-sharing-only dwide-mlp-only ===
=== 4 GPU, wallclock cap (fixed_compute only): 1200s ===
=== Started at Tue May 19 03:14:03 UTC 2026 ===
========================================

========================================
=== Rerunning: tie-embed ===
========================================
--- Manifest: exp/tie-embed/tie-embed.json ---
--- Dry-run validation ---
[tie-embed-small-fixed_time_20min]
  variant: tie-embed
  control: fixed_compute (fixed_compute)
  trainer: /inspire/hdd/global_user/wanjiaxin-253108030048/code/bag-of-tricks-transformers/exp/tie-embed/train_gpt.py
  run_id: experiment-20260519-031403-tie-embed-small-fixed_time_20min
  model: layers=9 dim=512 heads=8 kv_heads=4 mlp_mult=2
  tokens: target=0 actual=None
  wallclock: target=1200.0 max=1200.0
  output: /inspire/hdd/global_user/wanjiaxin-253108030048/code/bag-of-tricks-transformers/exp/tie-embed/logs/experiment-20260519-031403/tie-embed-small-fixed_time_20min/result.json
  command: torchrun --standalone --nproc_per_node=4 --master_port=29500 /inspire/hdd/global_user/wanjiaxin-253108030048/code/bag-of-tricks-transformers/exp/tie-embed/train_gpt.py
[tie-embed-small-fixed_tokens_10b]
  variant: tie-embed
  control: fixed_tokens (fixed_tokens)
  trainer: /inspire/hdd/global_user/wanjiaxin-253108030048/code/bag-of-tricks-transformers/exp/tie-embed/train_gpt.py
  run_id: experiment-20260519-031403-tie-embed-small-fixed_tokens_10b
  model: layers=9 dim=512 heads=8 kv_heads=4 mlp_mult=2
  tokens: target=10000000000 actual=10000269312
  wallclock: target=0.0 max=0.0
  output: /inspire/hdd/global_user/wanjiaxin-253108030048/code/bag-of-tricks-transformers/exp/tie-embed/logs/experiment-20260519-031403/tie-embed-small-fixed_tokens_10b/result.json
  command: torchrun --standalone --nproc_per_node=4 --master_port=29501 /inspire/hdd/global_user/wanjiaxin-253108030048/code/bag-of-tricks-transformers/exp/tie-embed/train_gpt.py
--- Dry-run passed ---
--- Launching training ---
Running tie-embed / fixed_compute (experiment-20260519-031403-tie-embed-small-fixed_time_20min)
W0519 03:14:05.349000 2730389 .venv/lib/python3.12/site-packages/torch/distributed/run.py:774] 
W0519 03:14:05.349000 2730389 .venv/lib/python3.12/site-packages/torch/distributed/run.py:774] *****************************************
W0519 03:14:05.349000 2730389 .venv/lib/python3.12/site-packages/torch/distributed/run.py:774] Setting OMP_NUM_THREADS environment variable for each process to be 1 in default, to avoid your system being overloaded, please further tune the variable for optimal performance in your application as needed. 
W0519 03:14:05.349000 2730389 .venv/lib/python3.12/site-packages/torch/distributed/run.py:774] *****************************************
/inspire/hdd/global_user/wanjiaxin-253108030048/code/bag-of-tricks-transformers/exp/tie-embed/logs/experiment-20260519-031403/tie-embed-small-fixed_time_20min/log/experiment-20260519-031403-tie-embed-small-fixed_time_20min.txt
val_bpb:enabled tokenizer_kind=sentencepiece tokenizer_path=./data/tokenizers/fineweb_1024_bpe.model
train_loader:dataset:fineweb10B_sp1024 train_shards:195
val_loader:shards pattern=./data/datasets/fineweb10B_sp1024/fineweb_val_*.bin tokens:62021632
model_params:17039360
world_size:4 grad_accum_steps:1
sdp_backends:cudnn=False flash=True mem_efficient=False math=False
attention_mode:gqa num_heads:8 num_kv_heads:4
tie_embeddings:True embed_lr:0.05 head_lr:0.0 matrix_lr:0.04 scalar_lr:0.04
train_batch_tokens:524288 train_seq_len:1024 iterations:1000000 warmup_steps:50 max_wallclock_seconds:1200.000
seed:1337
wandb: WARNING Using a boolean value for 'reinit' is deprecated. Use 'return_previous' or 'finish_previous' instead.
wandb: Tracking run with wandb version 0.25.1
wandb: W&B syncing is set to `offline` in this directory. Run `wandb online` or set WANDB_MODE=online to enable cloud syncing.
wandb: Run data is saved locally in /inspire/hdd/global_user/wanjiaxin-253108030048/code/bag-of-tricks-transformers/wandb/tie-embed-small-fixed_time_20min/wandb/offline-run-20260519_031421-okfmz60g
warmup_step:10/50
warmup_step:20/50
warmup_step:30/50
warmup_step:40/50
warmup_step:50/50
step:0/1000000 val_loss:10.2110 val_bpb:6.0475 train_time:0ms step_avg:0.02ms
step:1/1000000 train_loss:10.2184 train_time:47ms step_avg:47.03ms
step:2/1000000 train_loss:7.4277 train_time:123ms step_avg:61.41ms
step:3/1000000 train_loss:7.7565 train_time:197ms step_avg:65.74ms
step:4/1000000 train_loss:8.6555 train_time:272ms step_avg:68.08ms
step:5/1000000 train_loss:10.2101 train_time:347ms step_avg:69.48ms
step:6/1000000 train_loss:11.3153 train_time:423ms step_avg:70.44ms
step:7/1000000 train_loss:15.3503 train_time:497ms step_avg:71.05ms
step:8/1000000 train_loss:10.9417 train_time:572ms step_avg:71.54ms
step:9/1000000 train_loss:11.8306 train_time:647ms step_avg:71.89ms
step:10/1000000 train_loss:14.6886 train_time:722ms step_avg:72.19ms
step:200/1000000 train_loss:25.4689 train_time:15254ms step_avg:76.27ms
step:400/1000000 train_loss:3.6907 train_time:30565ms step_avg:76.41ms
step:600/1000000 train_loss:3.0899 train_time:45941ms step_avg:76.57ms
step:800/1000000 train_loss:2.7973 train_time:61374ms step_avg:76.72ms
step:1000/1000000 train_loss:2.6865 train_time:76690ms step_avg:76.69ms
step:1000/1000000 val_loss:2.6907 val_bpb:1.5936 train_time:76722ms step_avg:76.72ms
step:1200/1000000 train_loss:2.6125 train_time:92093ms step_avg:76.74ms
step:1400/1000000 train_loss:2.6739 train_time:107577ms step_avg:76.84ms
step:1600/1000000 train_loss:2.4288 train_time:122977ms step_avg:76.86ms
step:1800/1000000 train_loss:2.4603 train_time:138347ms step_avg:76.86ms
step:2000/1000000 train_loss:2.4617 train_time:153770ms step_avg:76.88ms
step:2000/1000000 val_loss:2.4688 val_bpb:1.4622 train_time:153802ms step_avg:76.90ms
step:2200/1000000 train_loss:2.3683 train_time:169233ms step_avg:76.92ms
step:2400/1000000 train_loss:2.3484 train_time:184649ms step_avg:76.94ms
step:2600/1000000 train_loss:2.5278 train_time:200002ms step_avg:76.92ms
step:2800/1000000 train_loss:2.3829 train_time:215357ms step_avg:76.91ms
step:3000/1000000 train_loss:2.3676 train_time:230718ms step_avg:76.91ms
step:3000/1000000 val_loss:2.3903 val_bpb:1.4157 train_time:230750ms step_avg:76.92ms
step:3200/1000000 train_loss:2.4277 train_time:246083ms step_avg:76.90ms
step:3400/1000000 train_loss:2.3155 train_time:261543ms step_avg:76.92ms
step:3600/1000000 train_loss:2.3507 train_time:276944ms step_avg:76.93ms
step:3800/1000000 train_loss:2.3663 train_time:292309ms step_avg:76.92ms
step:4000/1000000 train_loss:2.3483 train_time:307718ms step_avg:76.93ms
step:4000/1000000 val_loss:2.3486 val_bpb:1.3910 train_time:307749ms step_avg:76.94ms
step:4200/1000000 train_loss:2.3697 train_time:323347ms step_avg:76.99ms
step:4400/1000000 train_loss:2.3659 train_time:338627ms step_avg:76.96ms
step:4600/1000000 train_loss:2.1751 train_time:353993ms step_avg:76.95ms
step:4800/1000000 train_loss:2.3736 train_time:369346ms step_avg:76.95ms
step:5000/1000000 train_loss:2.2715 train_time:384661ms step_avg:76.93ms
step:5000/1000000 val_loss:2.3194 val_bpb:1.3737 train_time:384693ms step_avg:76.94ms
step:5200/1000000 train_loss:2.3526 train_time:400010ms step_avg:76.93ms
step:5400/1000000 train_loss:2.3433 train_time:415330ms step_avg:76.91ms
step:5600/1000000 train_loss:2.3831 train_time:430592ms step_avg:76.89ms
step:5800/1000000 train_loss:2.3144 train_time:445937ms step_avg:76.89ms
step:6000/1000000 train_loss:2.3266 train_time:461311ms step_avg:76.89ms
step:6000/1000000 val_loss:2.3071 val_bpb:1.3664 train_time:461342ms step_avg:76.89ms
step:6200/1000000 train_loss:2.2755 train_time:476586ms step_avg:76.87ms
step:6400/1000000 train_loss:2.3039 train_time:491930ms step_avg:76.86ms
step:6600/1000000 train_loss:2.2771 train_time:507253ms step_avg:76.86ms
step:6800/1000000 train_loss:2.2759 train_time:522652ms step_avg:76.86ms
step:7000/1000000 train_loss:2.3458 train_time:538011ms step_avg:76.86ms
step:7000/1000000 val_loss:2.2860 val_bpb:1.3539 train_time:538042ms step_avg:76.86ms
step:7200/1000000 train_loss:2.3493 train_time:553382ms step_avg:76.86ms
step:7400/1000000 train_loss:2.2459 train_time:568769ms step_avg:76.86ms
step:7600/1000000 train_loss:2.1510 train_time:584079ms step_avg:76.85ms
step:7800/1000000 train_loss:2.2582 train_time:599493ms step_avg:76.86ms
step:8000/1000000 train_loss:2.2579 train_time:614909ms step_avg:76.86ms
step:8000/1000000 val_loss:2.2743 val_bpb:1.3470 train_time:614941ms step_avg:76.87ms
step:8200/1000000 train_loss:2.2706 train_time:630244ms step_avg:76.86ms
step:8400/1000000 train_loss:2.2339 train_time:645890ms step_avg:76.89ms
step:8600/1000000 train_loss:2.2771 train_time:661215ms step_avg:76.89ms
step:8800/1000000 train_loss:2.2481 train_time:676681ms step_avg:76.90ms
step:9000/1000000 train_loss:2.1489 train_time:691952ms step_avg:76.88ms
step:9000/1000000 val_loss:2.2644 val_bpb:1.3411 train_time:691983ms step_avg:76.89ms
step:9200/1000000 train_loss:2.1804 train_time:707267ms step_avg:76.88ms
step:9400/1000000 train_loss:2.2857 train_time:722639ms step_avg:76.88ms
step:9600/1000000 train_loss:2.2945 train_time:738022ms step_avg:76.88ms
step:9800/1000000 train_loss:2.1891 train_time:753520ms step_avg:76.89ms
step:10000/1000000 train_loss:2.2265 train_time:768856ms step_avg:76.89ms
step:10000/1000000 val_loss:2.2564 val_bpb:1.3364 train_time:768888ms step_avg:76.89ms
step:10200/1000000 train_loss:2.2824 train_time:784156ms step_avg:76.88ms
step:10400/1000000 train_loss:2.1555 train_time:799492ms step_avg:76.87ms
step:10600/1000000 train_loss:2.1762 train_time:814877ms step_avg:76.88ms
step:10800/1000000 train_loss:2.3097 train_time:830284ms step_avg:76.88ms
step:11000/1000000 train_loss:2.2254 train_time:845637ms step_avg:76.88ms
step:11000/1000000 val_loss:2.2473 val_bpb:1.3310 train_time:845668ms step_avg:76.88ms
step:11200/1000000 train_loss:2.2539 train_time:861028ms step_avg:76.88ms
step:11400/1000000 train_loss:2.2169 train_time:876299ms step_avg:76.87ms
step:11600/1000000 train_loss:2.1949 train_time:891623ms step_avg:76.86ms
step:11800/1000000 train_loss:2.2481 train_time:906925ms step_avg:76.86ms
step:12000/1000000 train_loss:2.2398 train_time:922320ms step_avg:76.86ms
step:12000/1000000 val_loss:2.2403 val_bpb:1.3268 train_time:922351ms step_avg:76.86ms
step:12200/1000000 train_loss:2.3320 train_time:937695ms step_avg:76.86ms
step:12400/1000000 train_loss:2.1126 train_time:953335ms step_avg:76.88ms
step:12600/1000000 train_loss:2.2129 train_time:968692ms step_avg:76.88ms
step:12800/1000000 train_loss:2.2873 train_time:984065ms step_avg:76.88ms
step:13000/1000000 train_loss:2.2399 train_time:999338ms step_avg:76.87ms
step:13000/1000000 val_loss:2.2347 val_bpb:1.3235 train_time:999370ms step_avg:76.87ms
step:13200/1000000 train_loss:2.2743 train_time:1014585ms step_avg:76.86ms
step:13400/1000000 train_loss:2.1707 train_time:1029916ms step_avg:76.86ms
step:13600/1000000 train_loss:2.1713 train_time:1045201ms step_avg:76.85ms
step:13800/1000000 train_loss:2.1607 train_time:1060544ms step_avg:76.85ms
step:14000/1000000 train_loss:2.2639 train_time:1075940ms step_avg:76.85ms
step:14000/1000000 val_loss:2.2301 val_bpb:1.3208 train_time:1075971ms step_avg:76.86ms
step:14200/1000000 train_loss:2.2849 train_time:1091265ms step_avg:76.85ms
step:14400/1000000 train_loss:2.3214 train_time:1106700ms step_avg:76.85ms
step:14600/1000000 train_loss:2.1621 train_time:1121984ms step_avg:76.85ms
step:14800/1000000 train_loss:2.1436 train_time:1137301ms step_avg:76.84ms
step:15000/1000000 train_loss:2.2019 train_time:1152769ms step_avg:76.85ms
step:15000/1000000 val_loss:2.1928 val_bpb:1.2987 train_time:1152800ms step_avg:76.85ms
step:15200/1000000 train_loss:2.2220 train_time:1168013ms step_avg:76.84ms
step:15400/1000000 train_loss:2.1781 train_time:1183393ms step_avg:76.84ms
step:15600/1000000 train_loss:2.2440 train_time:1198719ms step_avg:76.84ms
step:15617/1000000 val_loss:2.1730 val_bpb:1.2870 train_time:1200030ms step_avg:76.84ms
stopping_early: wallclock_cap train_time:1200030ms step:15617/1000000
peak memory allocated: 16546 MiB reserved: 16674 MiB
Serialized model: 67131634 bytes
Code size: 24704 bytes
Total submission size: 67156338 bytes
final val_loss:2.1730 val_bpb:1.2870 eval_time:2590ms
final_exact val_loss:2.17302951 val_bpb:1.28699048
wandb: 
wandb: Run history:
wandb:           artifact/code_bytes ▁
wandb:          artifact/model_bytes ▁
wandb: artifact/submission_bytes_raw ▁
wandb:            final/eval_time_ms ▁
wandb:                    final/step ▁
wandb:                 final/val_bpb ▁
wandb:                final/val_loss ▁
wandb:        setup/grad_accum_steps ▁
wandb:            setup/model_params ▁
wandb:            setup/train_shards ▁
wandb:                           +16 ...
wandb: 
wandb: Run summary:
wandb:           artifact/code_bytes 24704
wandb:          artifact/model_bytes 67131634
wandb: artifact/submission_bytes_raw 67156338
wandb:            final/eval_time_ms 2590.41204
wandb:                    final/step 15617
wandb:           final/stopped_early True
wandb:                 final/val_bpb 1.28699
wandb:                final/val_loss 2.17303
wandb:        peak_mem_allocated_mib 16546
wandb:         peak_mem_reserved_mib 16674
wandb:                           +22 ...
wandb: 
wandb: You can sync this run to the cloud by running:
wandb: wandb sync /inspire/hdd/global_user/wanjiaxin-253108030048/code/bag-of-tricks-transformers/wandb/tie-embed-small-fixed_time_20min/wandb/offline-run-20260519_031421-okfmz60g
wandb: Find logs at: ./wandb/tie-embed-small-fixed_time_20min/wandb/offline-run-20260519_031421-okfmz60g/logs
Wrote final metrics to /inspire/hdd/global_user/wanjiaxin-253108030048/code/bag-of-tricks-transformers/exp/tie-embed/logs/experiment-20260519-031403/tie-embed-small-fixed_time_20min/result.json
Running tie-embed / fixed_tokens (experiment-20260519-031403-tie-embed-small-fixed_tokens_10b)
W0519 03:35:38.961000 3018780 .venv/lib/python3.12/site-packages/torch/distributed/run.py:774] 
W0519 03:35:38.961000 3018780 .venv/lib/python3.12/site-packages/torch/distributed/run.py:774] *****************************************
W0519 03:35:38.961000 3018780 .venv/lib/python3.12/site-packages/torch/distributed/run.py:774] Setting OMP_NUM_THREADS environment variable for each process to be 1 in default, to avoid your system being overloaded, please further tune the variable for optimal performance in your application as needed. 
W0519 03:35:38.961000 3018780 .venv/lib/python3.12/site-packages/torch/distributed/run.py:774] *****************************************
/inspire/hdd/global_user/wanjiaxin-253108030048/code/bag-of-tricks-transformers/exp/tie-embed/logs/experiment-20260519-031403/tie-embed-small-fixed_tokens_10b/log/experiment-20260519-031403-tie-embed-small-fixed_tokens_10b.txt
val_bpb:enabled tokenizer_kind=sentencepiece tokenizer_path=./data/tokenizers/fineweb_1024_bpe.model
train_loader:dataset:fineweb10B_sp1024 train_shards:195
val_loader:shards pattern=./data/datasets/fineweb10B_sp1024/fineweb_val_*.bin tokens:62021632
model_params:17039360
world_size:4 grad_accum_steps:1
sdp_backends:cudnn=False flash=True mem_efficient=False math=False
attention_mode:gqa num_heads:8 num_kv_heads:4
tie_embeddings:True embed_lr:0.05 head_lr:0.0 matrix_lr:0.04 scalar_lr:0.04
train_batch_tokens:524288 train_seq_len:1024 iterations:19074 warmup_steps:50 max_wallclock_seconds:0.000
seed:1337
wandb: WARNING Using a boolean value for 'reinit' is deprecated. Use 'return_previous' or 'finish_previous' instead.
wandb: Tracking run with wandb version 0.25.1
wandb: W&B syncing is set to `offline` in this directory. Run `wandb online` or set WANDB_MODE=online to enable cloud syncing.
wandb: Run data is saved locally in /inspire/hdd/global_user/wanjiaxin-253108030048/code/bag-of-tricks-transformers/wandb/tie-embed-small-fixed_tokens_10b/wandb/offline-run-20260519_033554-y3lcymk2
warmup_step:10/50
warmup_step:20/50
warmup_step:30/50
warmup_step:40/50
warmup_step:50/50
step:0/19074 val_loss:10.2110 val_bpb:6.0475 train_time:0ms step_avg:0.02ms
step:1/19074 train_loss:10.2184 train_time:47ms step_avg:46.92ms
step:2/19074 train_loss:7.4277 train_time:121ms step_avg:60.29ms
step:3/19074 train_loss:7.7562 train_time:194ms step_avg:64.70ms
step:4/19074 train_loss:8.6558 train_time:269ms step_avg:67.15ms
step:5/19074 train_loss:10.1982 train_time:343ms step_avg:68.66ms
step:6/19074 train_loss:11.2867 train_time:418ms step_avg:69.70ms
step:7/19074 train_loss:15.3994 train_time:493ms step_avg:70.48ms
step:8/19074 train_loss:10.9617 train_time:568ms step_avg:70.97ms
step:9/19074 train_loss:11.8203 train_time:642ms step_avg:71.37ms
step:10/19074 train_loss:14.4929 train_time:717ms step_avg:71.67ms
step:200/19074 train_loss:23.1588 train_time:14927ms step_avg:74.64ms
step:400/19074 train_loss:3.6906 train_time:29960ms step_avg:74.90ms
step:600/19074 train_loss:3.1074 train_time:45151ms step_avg:75.25ms
step:800/19074 train_loss:2.8077 train_time:60263ms step_avg:75.33ms
step:1000/19074 train_loss:2.6992 train_time:75340ms step_avg:75.34ms
step:1000/19074 val_loss:2.7065 val_bpb:1.6029 train_time:75373ms step_avg:75.37ms
step:1200/19074 train_loss:2.6205 train_time:90569ms step_avg:75.47ms
step:1400/19074 train_loss:2.6831 train_time:105718ms step_avg:75.51ms
step:1600/19074 train_loss:2.4454 train_time:120928ms step_avg:75.58ms
step:1800/19074 train_loss:2.4700 train_time:135993ms step_avg:75.55ms
step:2000/19074 train_loss:2.4670 train_time:151065ms step_avg:75.53ms
step:2000/19074 val_loss:2.4710 val_bpb:1.4634 train_time:151097ms step_avg:75.55ms
step:2200/19074 train_loss:2.3747 train_time:166157ms step_avg:75.53ms
step:2400/19074 train_loss:2.3549 train_time:181262ms step_avg:75.53ms
step:2600/19074 train_loss:2.5322 train_time:196356ms step_avg:75.52ms
step:2800/19074 train_loss:2.3858 train_time:211410ms step_avg:75.50ms
step:3000/19074 train_loss:2.3701 train_time:226472ms step_avg:75.49ms
step:3000/19074 val_loss:2.3926 val_bpb:1.4170 train_time:226504ms step_avg:75.50ms
step:3200/19074 train_loss:2.4326 train_time:241605ms step_avg:75.50ms
step:3400/19074 train_loss:2.3225 train_time:256707ms step_avg:75.50ms
step:3600/19074 train_loss:2.3558 train_time:271760ms step_avg:75.49ms
step:3800/19074 train_loss:2.3717 train_time:286842ms step_avg:75.48ms
step:4000/19074 train_loss:2.3457 train_time:301911ms step_avg:75.48ms
step:4000/19074 val_loss:2.3506 val_bpb:1.3921 train_time:301942ms step_avg:75.49ms
step:4200/19074 train_loss:2.3739 train_time:317141ms step_avg:75.51ms
step:4400/19074 train_loss:2.3716 train_time:332163ms step_avg:75.49ms
step:4600/19074 train_loss:2.1782 train_time:347265ms step_avg:75.49ms
step:4800/19074 train_loss:2.3790 train_time:362361ms step_avg:75.49ms
step:5000/19074 train_loss:2.2736 train_time:377393ms step_avg:75.48ms
step:5000/19074 val_loss:2.3248 val_bpb:1.3769 train_time:377424ms step_avg:75.48ms
step:5200/19074 train_loss:2.3594 train_time:392434ms step_avg:75.47ms
step:5400/19074 train_loss:2.3405 train_time:407500ms step_avg:75.46ms
step:5600/19074 train_loss:2.3892 train_time:422520ms step_avg:75.45ms
step:5800/19074 train_loss:2.3220 train_time:437666ms step_avg:75.46ms
step:6000/19074 train_loss:2.3312 train_time:452780ms step_avg:75.46ms
step:6000/19074 val_loss:2.3118 val_bpb:1.3692 train_time:452812ms step_avg:75.47ms
step:6200/19074 train_loss:2.2760 train_time:467802ms step_avg:75.45ms
step:6400/19074 train_loss:2.3015 train_time:482978ms step_avg:75.47ms
step:6600/19074 train_loss:2.2774 train_time:498088ms step_avg:75.47ms
step:6800/19074 train_loss:2.2813 train_time:513138ms step_avg:75.46ms
step:7000/19074 train_loss:2.3533 train_time:528197ms step_avg:75.46ms
step:7000/19074 val_loss:2.2897 val_bpb:1.3561 train_time:528228ms step_avg:75.46ms
step:7200/19074 train_loss:2.3524 train_time:543279ms step_avg:75.46ms
step:7400/19074 train_loss:2.2477 train_time:558334ms step_avg:75.45ms
step:7600/19074 train_loss:2.1570 train_time:573493ms step_avg:75.46ms
step:7800/19074 train_loss:2.2615 train_time:588526ms step_avg:75.45ms
step:8000/19074 train_loss:2.2636 train_time:603578ms step_avg:75.45ms
step:8000/19074 val_loss:2.2766 val_bpb:1.3483 train_time:603610ms step_avg:75.45ms
step:8200/19074 train_loss:2.2706 train_time:618718ms step_avg:75.45ms
step:8400/19074 train_loss:2.2388 train_time:633992ms step_avg:75.48ms
step:8600/19074 train_loss:2.2776 train_time:649042ms step_avg:75.47ms
step:8800/19074 train_loss:2.2519 train_time:664149ms step_avg:75.47ms
step:9000/19074 train_loss:2.1515 train_time:679127ms step_avg:75.46ms
step:9000/19074 val_loss:2.2663 val_bpb:1.3423 train_time:679159ms step_avg:75.46ms
step:9200/19074 train_loss:2.1827 train_time:694219ms step_avg:75.46ms
step:9400/19074 train_loss:2.2872 train_time:709348ms step_avg:75.46ms
step:9600/19074 train_loss:2.2963 train_time:724465ms step_avg:75.47ms
step:9800/19074 train_loss:2.1949 train_time:739523ms step_avg:75.46ms
step:10000/19074 train_loss:2.2339 train_time:754578ms step_avg:75.46ms
step:10000/19074 val_loss:2.2593 val_bpb:1.3381 train_time:754609ms step_avg:75.46ms
step:10200/19074 train_loss:2.2796 train_time:769680ms step_avg:75.46ms
step:10400/19074 train_loss:2.1576 train_time:784777ms step_avg:75.46ms
step:10600/19074 train_loss:2.1824 train_time:799833ms step_avg:75.46ms
step:10800/19074 train_loss:2.3173 train_time:814848ms step_avg:75.45ms
step:11000/19074 train_loss:2.2263 train_time:829857ms step_avg:75.44ms
step:11000/19074 val_loss:2.2518 val_bpb:1.3337 train_time:829889ms step_avg:75.44ms
step:11200/19074 train_loss:2.2588 train_time:844959ms step_avg:75.44ms
step:11400/19074 train_loss:2.2192 train_time:860103ms step_avg:75.45ms
step:11600/19074 train_loss:2.1937 train_time:875085ms step_avg:75.44ms
step:11800/19074 train_loss:2.2506 train_time:890160ms step_avg:75.44ms
step:12000/19074 train_loss:2.2405 train_time:905222ms step_avg:75.44ms
step:12000/19074 val_loss:2.2420 val_bpb:1.3278 train_time:905254ms step_avg:75.44ms
step:12200/19074 train_loss:2.3303 train_time:920262ms step_avg:75.43ms
step:12400/19074 train_loss:2.1170 train_time:935565ms step_avg:75.45ms
step:12600/19074 train_loss:2.2144 train_time:950554ms step_avg:75.44ms
step:12800/19074 train_loss:2.2880 train_time:965601ms step_avg:75.44ms
step:13000/19074 train_loss:2.2430 train_time:980615ms step_avg:75.43ms
step:13000/19074 val_loss:2.2383 val_bpb:1.3257 train_time:980647ms step_avg:75.43ms
step:13200/19074 train_loss:2.2796 train_time:995674ms step_avg:75.43ms
step:13400/19074 train_loss:2.1743 train_time:1010718ms step_avg:75.43ms
step:13600/19074 train_loss:2.1731 train_time:1025888ms step_avg:75.43ms
step:13800/19074 train_loss:2.1616 train_time:1040908ms step_avg:75.43ms
step:14000/19074 train_loss:2.2664 train_time:1056146ms step_avg:75.44ms
step:14000/19074 val_loss:2.2329 val_bpb:1.3225 train_time:1056178ms step_avg:75.44ms
step:14200/19074 train_loss:2.2911 train_time:1071192ms step_avg:75.44ms
step:14400/19074 train_loss:2.3319 train_time:1086242ms step_avg:75.43ms
step:14600/19074 train_loss:2.1814 train_time:1101245ms step_avg:75.43ms
step:14800/19074 train_loss:2.1703 train_time:1116267ms step_avg:75.42ms
step:15000/19074 train_loss:2.2370 train_time:1131309ms step_avg:75.42ms
step:15000/19074 val_loss:2.2246 val_bpb:1.3175 train_time:1131341ms step_avg:75.42ms
step:15200/19074 train_loss:2.2580 train_time:1146340ms step_avg:75.42ms
step:15400/19074 train_loss:2.2220 train_time:1161355ms step_avg:75.41ms
step:15600/19074 train_loss:2.2988 train_time:1176384ms step_avg:75.41ms
step:15800/19074 train_loss:1.9849 train_time:1191425ms step_avg:75.41ms
step:16000/19074 train_loss:2.3004 train_time:1206449ms step_avg:75.40ms
step:16000/19074 val_loss:2.2234 val_bpb:1.3168 train_time:1206481ms step_avg:75.41ms
step:16200/19074 train_loss:2.2890 train_time:1221513ms step_avg:75.40ms
step:16400/19074 train_loss:2.2543 train_time:1236574ms step_avg:75.40ms
step:16600/19074 train_loss:2.1973 train_time:1251878ms step_avg:75.41ms
step:16800/19074 train_loss:2.1294 train_time:1266951ms step_avg:75.41ms
step:17000/19074 train_loss:2.1491 train_time:1281943ms step_avg:75.41ms
step:17000/19074 val_loss:2.2229 val_bpb:1.3165 train_time:1281976ms step_avg:75.41ms
step:17200/19074 train_loss:2.1805 train_time:1297027ms step_avg:75.41ms
step:17400/19074 train_loss:2.1976 train_time:1312103ms step_avg:75.41ms
step:17600/19074 train_loss:2.1595 train_time:1327105ms step_avg:75.40ms
step:17800/19074 train_loss:2.2090 train_time:1342145ms step_avg:75.40ms
step:18000/19074 train_loss:2.2163 train_time:1357223ms step_avg:75.40ms
step:18000/19074 val_loss:2.2001 val_bpb:1.3030 train_time:1357255ms step_avg:75.40ms
step:18200/19074 train_loss:2.2146 train_time:1372231ms step_avg:75.40ms
step:18400/19074 train_loss:2.2100 train_time:1387244ms step_avg:75.39ms
step:18600/19074 train_loss:2.1235 train_time:1402299ms step_avg:75.39ms
step:18800/19074 train_loss:2.2027 train_time:1417308ms step_avg:75.39ms
step:19000/19074 train_loss:2.1144 train_time:1432287ms step_avg:75.38ms
step:19000/19074 val_loss:2.1637 val_bpb:1.2814 train_time:1432319ms step_avg:75.39ms
step:19074/19074 val_loss:2.1626 val_bpb:1.2808 train_time:1437984ms step_avg:75.39ms
peak memory allocated: 16546 MiB reserved: 16674 MiB
Serialized model: 67131634 bytes
Code size: 24704 bytes
Total submission size: 67156338 bytes
final val_loss:2.1626 val_bpb:1.2808 eval_time:2596ms
final_exact val_loss:2.16261181 val_bpb:1.28082053
wandb: 
wandb: Run history:
wandb:           artifact/code_bytes ▁
wandb:          artifact/model_bytes ▁
wandb: artifact/submission_bytes_raw ▁
wandb:            final/eval_time_ms ▁
wandb:                    final/step ▁
wandb:                 final/val_bpb ▁
wandb:                final/val_loss ▁
wandb:        setup/grad_accum_steps ▁
wandb:            setup/model_params ▁
wandb:            setup/train_shards ▁
wandb:                           +16 ...
wandb: 
wandb: Run summary:
wandb:           artifact/code_bytes 24704
wandb:          artifact/model_bytes 67131634
wandb: artifact/submission_bytes_raw 67156338
wandb:            final/eval_time_ms 2596.27637
wandb:                    final/step 19074
wandb:           final/stopped_early False
wandb:                 final/val_bpb 1.28082
wandb:                final/val_loss 2.16261
wandb:        peak_mem_allocated_mib 16546
wandb:         peak_mem_reserved_mib 16674
wandb:                           +22 ...
wandb: 
wandb: You can sync this run to the cloud by running:
wandb: wandb sync /inspire/hdd/global_user/wanjiaxin-253108030048/code/bag-of-tricks-transformers/wandb/tie-embed-small-fixed_tokens_10b/wandb/offline-run-20260519_033554-y3lcymk2
wandb: Find logs at: ./wandb/tie-embed-small-fixed_tokens_10b/wandb/offline-run-20260519_033554-y3lcymk2/logs
Wrote final metrics to /inspire/hdd/global_user/wanjiaxin-253108030048/code/bag-of-tricks-transformers/exp/tie-embed/logs/experiment-20260519-031403/tie-embed-small-fixed_tokens_10b/result.json
Wrote batch results to /inspire/hdd/global_user/wanjiaxin-253108030048/code/bag-of-tricks-transformers/exp/tie-embed/logs/experiment-20260519-031403/results.json
--- Training PASSED ---

--- Manifest: exp/tie-embed/tie-embed-medium.json ---
--- Dry-run validation ---
[tie-embed-medium-fixed_time_20min]
  variant: tie-embed
  control: fixed_compute (fixed_compute)
  trainer: /inspire/hdd/global_user/wanjiaxin-253108030048/code/bag-of-tricks-transformers/exp/tie-embed/train_gpt.py
  run_id: experiment-20260519-040117-tie-embed-medium-fixed_time_20min
  model: layers=18 dim=1024 heads=16 kv_heads=8 mlp_mult=2
  tokens: target=0 actual=None
  wallclock: target=1200.0 max=1200.0
  output: /inspire/hdd/global_user/wanjiaxin-253108030048/code/bag-of-tricks-transformers/exp/tie-embed/logs/experiment-20260519-040117/tie-embed-medium-fixed_time_20min/result.json
  command: torchrun --standalone --nproc_per_node=4 --master_port=29500 /inspire/hdd/global_user/wanjiaxin-253108030048/code/bag-of-tricks-transformers/exp/tie-embed/train_gpt.py
[tie-embed-medium-fixed_tokens_10b]
  variant: tie-embed
  control: fixed_tokens (fixed_tokens)
  trainer: /inspire/hdd/global_user/wanjiaxin-253108030048/code/bag-of-tricks-transformers/exp/tie-embed/train_gpt.py
  run_id: experiment-20260519-040117-tie-embed-medium-fixed_tokens_10b
  model: layers=18 dim=1024 heads=16 kv_heads=8 mlp_mult=2
  tokens: target=10000000000 actual=10000269312
  wallclock: target=0.0 max=0.0
  output: /inspire/hdd/global_user/wanjiaxin-253108030048/code/bag-of-tricks-transformers/exp/tie-embed/logs/experiment-20260519-040117/tie-embed-medium-fixed_tokens_10b/result.json
  command: torchrun --standalone --nproc_per_node=4 --master_port=29501 /inspire/hdd/global_user/wanjiaxin-253108030048/code/bag-of-tricks-transformers/exp/tie-embed/train_gpt.py
--- Dry-run passed ---
--- Launching training ---
Running tie-embed / fixed_compute (experiment-20260519-040117-tie-embed-medium-fixed_time_20min)
W0519 04:01:20.795000 3357174 .venv/lib/python3.12/site-packages/torch/distributed/run.py:774] 
W0519 04:01:20.795000 3357174 .venv/lib/python3.12/site-packages/torch/distributed/run.py:774] *****************************************
W0519 04:01:20.795000 3357174 .venv/lib/python3.12/site-packages/torch/distributed/run.py:774] Setting OMP_NUM_THREADS environment variable for each process to be 1 in default, to avoid your system being overloaded, please further tune the variable for optimal performance in your application as needed. 
W0519 04:01:20.795000 3357174 .venv/lib/python3.12/site-packages/torch/distributed/run.py:774] *****************************************
/inspire/hdd/global_user/wanjiaxin-253108030048/code/bag-of-tricks-transformers/exp/tie-embed/logs/experiment-20260519-040117/tie-embed-medium-fixed_time_20min/log/experiment-20260519-040117-tie-embed-medium-fixed_time_20min.txt
val_bpb:enabled tokenizer_kind=sentencepiece tokenizer_path=./data/tokenizers/fineweb_1024_bpe.model
train_loader:dataset:fineweb10B_sp1024 train_shards:195
val_loader:shards pattern=./data/datasets/fineweb10B_sp1024/fineweb_val_*.bin tokens:62021632
model_params:133169152
world_size:4 grad_accum_steps:1
sdp_backends:cudnn=False flash=True mem_efficient=False math=False
attention_mode:gqa num_heads:16 num_kv_heads:8
tie_embeddings:True embed_lr:0.05 head_lr:0.0 matrix_lr:0.04 scalar_lr:0.04
train_batch_tokens:524288 train_seq_len:1024 iterations:1000000 warmup_steps:50 max_wallclock_seconds:1200.000
seed:1337
wandb: WARNING Using a boolean value for 'reinit' is deprecated. Use 'return_previous' or 'finish_previous' instead.
wandb: Tracking run with wandb version 0.25.1
wandb: W&B syncing is set to `offline` in this directory. Run `wandb online` or set WANDB_MODE=online to enable cloud syncing.
wandb: Run data is saved locally in /inspire/hdd/global_user/wanjiaxin-253108030048/code/bag-of-tricks-transformers/wandb/tie-embed-medium-fixed_time_20min/wandb/offline-run-20260519_040135-9stq9dph
warmup_step:10/50
warmup_step:20/50
warmup_step:30/50
warmup_step:40/50
warmup_step:50/50
step:0/1000000 val_loss:20.3429 val_bpb:12.0482 train_time:0ms step_avg:0.02ms
step:1/1000000 train_loss:20.3584 train_time:331ms step_avg:331.31ms
step:2/1000000 train_loss:8.5739 train_time:686ms step_avg:342.75ms
step:3/1000000 train_loss:9.8035 train_time:1042ms step_avg:347.19ms
step:4/1000000 train_loss:12.3034 train_time:1411ms step_avg:352.66ms
step:5/1000000 train_loss:16.6882 train_time:1769ms step_avg:353.78ms
step:6/1000000 train_loss:18.1440 train_time:2127ms step_avg:354.43ms
step:7/1000000 train_loss:18.7627 train_time:2495ms step_avg:356.47ms
step:8/1000000 train_loss:20.6294 train_time:2855ms step_avg:356.82ms
step:9/1000000 train_loss:24.6376 train_time:3216ms step_avg:357.34ms
step:10/1000000 train_loss:29.7008 train_time:3578ms step_avg:357.82ms
step:200/1000000 train_loss:59.5670 train_time:72739ms step_avg:363.69ms
step:400/1000000 train_loss:66.6645 train_time:145553ms step_avg:363.88ms
step:600/1000000 train_loss:46.2200 train_time:218388ms step_avg:363.98ms
step:800/1000000 train_loss:6.0282 train_time:291346ms step_avg:364.18ms
step:1000/1000000 train_loss:3.4581 train_time:364420ms step_avg:364.42ms
step:1000/1000000 val_loss:3.4655 val_bpb:2.0525 train_time:364428ms step_avg:364.43ms
step:1200/1000000 train_loss:2.8640 train_time:437643ms step_avg:364.70ms
step:1400/1000000 train_loss:2.7739 train_time:511045ms step_avg:365.03ms
step:1600/1000000 train_loss:2.4436 train_time:584534ms step_avg:365.33ms
step:1800/1000000 train_loss:2.4290 train_time:657790ms step_avg:365.44ms
step:2000/1000000 train_loss:2.4080 train_time:731050ms step_avg:365.52ms
step:2000/1000000 val_loss:2.4071 val_bpb:1.4256 train_time:731057ms step_avg:365.53ms
step:2200/1000000 train_loss:2.2848 train_time:804373ms step_avg:365.62ms
step:2400/1000000 train_loss:2.2612 train_time:877632ms step_avg:365.68ms
step:2600/1000000 train_loss:2.4165 train_time:950942ms step_avg:365.75ms
step:2800/1000000 train_loss:2.2175 train_time:1024266ms step_avg:365.81ms
step:3000/1000000 train_loss:2.1913 train_time:1097575ms step_avg:365.86ms
step:3000/1000000 val_loss:2.2050 val_bpb:1.3059 train_time:1097582ms step_avg:365.86ms
step:3200/1000000 train_loss:2.2214 train_time:1170878ms step_avg:365.90ms
step:3280/1000000 val_loss:2.1717 val_bpb:1.2862 train_time:1200361ms step_avg:365.96ms
stopping_early: wallclock_cap train_time:1200361ms step:3280/1000000
peak memory allocated: 64837 MiB reserved: 65468 MiB
Serialized model: 530624049 bytes
Code size: 24704 bytes
Total submission size: 530648753 bytes
final val_loss:2.1717 val_bpb:1.2862 eval_time:12607ms
final_exact val_loss:2.17174526 val_bpb:1.28622987
wandb: 
wandb: Run history:
wandb:           artifact/code_bytes ▁
wandb:          artifact/model_bytes ▁
wandb: artifact/submission_bytes_raw ▁
wandb:            final/eval_time_ms ▁
wandb:                    final/step ▁
wandb:                 final/val_bpb ▁
wandb:                final/val_loss ▁
wandb:        setup/grad_accum_steps ▁
wandb:            setup/model_params ▁
wandb:            setup/train_shards ▁
wandb:                           +16 ...
wandb: 
wandb: Run summary:
wandb:           artifact/code_bytes 24704
wandb:          artifact/model_bytes 530624049
wandb: artifact/submission_bytes_raw 530648753
wandb:            final/eval_time_ms 12606.86674
wandb:                    final/step 3280
wandb:           final/stopped_early True
wandb:                 final/val_bpb 1.28623
wandb:                final/val_loss 2.17175
wandb:        peak_mem_allocated_mib 64837
wandb:         peak_mem_reserved_mib 65468
wandb:                           +22 ...
wandb: 
wandb: You can sync this run to the cloud by running:
wandb: wandb sync /inspire/hdd/global_user/wanjiaxin-253108030048/code/bag-of-tricks-transformers/wandb/tie-embed-medium-fixed_time_20min/wandb/offline-run-20260519_040135-9stq9dph
wandb: Find logs at: ./wandb/tie-embed-medium-fixed_time_20min/wandb/offline-run-20260519_040135-9stq9dph/logs
Wrote final metrics to /inspire/hdd/global_user/wanjiaxin-253108030048/code/bag-of-tricks-transformers/exp/tie-embed/logs/experiment-20260519-040117/tie-embed-medium-fixed_time_20min/result.json
Running tie-embed / fixed_tokens (experiment-20260519-040117-tie-embed-medium-fixed_tokens_10b)
W0519 04:23:56.372000 3654363 .venv/lib/python3.12/site-packages/torch/distributed/run.py:774] 
W0519 04:23:56.372000 3654363 .venv/lib/python3.12/site-packages/torch/distributed/run.py:774] *****************************************
W0519 04:23:56.372000 3654363 .venv/lib/python3.12/site-packages/torch/distributed/run.py:774] Setting OMP_NUM_THREADS environment variable for each process to be 1 in default, to avoid your system being overloaded, please further tune the variable for optimal performance in your application as needed. 
W0519 04:23:56.372000 3654363 .venv/lib/python3.12/site-packages/torch/distributed/run.py:774] *****************************************
/inspire/hdd/global_user/wanjiaxin-253108030048/code/bag-of-tricks-transformers/exp/tie-embed/logs/experiment-20260519-040117/tie-embed-medium-fixed_tokens_10b/log/experiment-20260519-040117-tie-embed-medium-fixed_tokens_10b.txt
val_bpb:enabled tokenizer_kind=sentencepiece tokenizer_path=./data/tokenizers/fineweb_1024_bpe.model
train_loader:dataset:fineweb10B_sp1024 train_shards:195
val_loader:shards pattern=./data/datasets/fineweb10B_sp1024/fineweb_val_*.bin tokens:62021632
model_params:133169152
world_size:4 grad_accum_steps:1
sdp_backends:cudnn=False flash=True mem_efficient=False math=False
attention_mode:gqa num_heads:16 num_kv_heads:8
tie_embeddings:True embed_lr:0.05 head_lr:0.0 matrix_lr:0.04 scalar_lr:0.04
train_batch_tokens:524288 train_seq_len:1024 iterations:19074 warmup_steps:50 max_wallclock_seconds:0.000
seed:1337
wandb: WARNING Using a boolean value for 'reinit' is deprecated. Use 'return_previous' or 'finish_previous' instead.
wandb: Tracking run with wandb version 0.25.1
wandb: W&B syncing is set to `offline` in this directory. Run `wandb online` or set WANDB_MODE=online to enable cloud syncing.
wandb: Run data is saved locally in /inspire/hdd/global_user/wanjiaxin-253108030048/code/bag-of-tricks-transformers/wandb/tie-embed-medium-fixed_tokens_10b/wandb/offline-run-20260519_042410-icx8f7te
warmup_step:10/50
warmup_step:20/50
warmup_step:30/50
warmup_step:40/50
warmup_step:50/50
step:0/19074 val_loss:20.3429 val_bpb:12.0482 train_time:0ms step_avg:0.02ms
step:1/19074 train_loss:20.3584 train_time:330ms step_avg:329.99ms
step:2/19074 train_loss:8.5739 train_time:684ms step_avg:341.77ms
step:3/19074 train_loss:9.8036 train_time:1042ms step_avg:347.18ms
step:4/19074 train_loss:12.3016 train_time:1410ms step_avg:352.43ms
step:5/19074 train_loss:16.6363 train_time:1768ms step_avg:353.64ms
step:6/19074 train_loss:18.5986 train_time:2128ms step_avg:354.59ms
step:7/19074 train_loss:19.3894 train_time:2493ms step_avg:356.10ms
step:8/19074 train_loss:18.9784 train_time:2851ms step_avg:356.41ms
step:9/19074 train_loss:25.4645 train_time:3212ms step_avg:356.94ms
step:10/19074 train_loss:23.1098 train_time:3575ms step_avg:357.45ms
step:200/19074 train_loss:70.6536 train_time:72360ms step_avg:361.80ms
step:400/19074 train_loss:47.9483 train_time:144965ms step_avg:362.41ms
step:600/19074 train_loss:9.9821 train_time:217742ms step_avg:362.90ms
step:800/19074 train_loss:3.7155 train_time:290503ms step_avg:363.13ms
step:1000/19074 train_loss:2.8756 train_time:363471ms step_avg:363.47ms
step:1000/19074 val_loss:2.8843 val_bpb:1.7082 train_time:363478ms step_avg:363.48ms
step:1200/19074 train_loss:2.6598 train_time:436591ms step_avg:363.83ms
step:1400/19074 train_loss:2.6305 train_time:509772ms step_avg:364.12ms
step:1600/19074 train_loss:2.3564 train_time:582976ms step_avg:364.36ms
step:1800/19074 train_loss:2.3450 train_time:656053ms step_avg:364.47ms
step:2000/19074 train_loss:2.3391 train_time:729246ms step_avg:364.62ms
step:2000/19074 val_loss:2.3331 val_bpb:1.3818 train_time:729253ms step_avg:364.63ms
step:2200/19074 train_loss:2.2250 train_time:802300ms step_avg:364.68ms
step:2400/19074 train_loss:2.2036 train_time:875315ms step_avg:364.71ms
step:2600/19074 train_loss:2.3965 train_time:948406ms step_avg:364.77ms
step:2800/19074 train_loss:2.2162 train_time:1021447ms step_avg:364.80ms
step:3000/19074 train_loss:2.2119 train_time:1094557ms step_avg:364.85ms
step:3000/19074 val_loss:2.2287 val_bpb:1.3200 train_time:1094565ms step_avg:364.85ms
step:3200/19074 train_loss:2.2543 train_time:1167526ms step_avg:364.85ms
step:3400/19074 train_loss:2.1412 train_time:1240523ms step_avg:364.86ms
step:3600/19074 train_loss:2.2051 train_time:1313416ms step_avg:364.84ms
step:3800/19074 train_loss:2.1878 train_time:1386319ms step_avg:364.82ms
step:4000/19074 train_loss:2.1706 train_time:1459227ms step_avg:364.81ms
step:4000/19074 val_loss:2.1634 val_bpb:1.2813 train_time:1459234ms step_avg:364.81ms
step:4200/19074 train_loss:2.1797 train_time:1532355ms step_avg:364.85ms
step:4400/19074 train_loss:2.1789 train_time:1605240ms step_avg:364.83ms
step:4600/19074 train_loss:1.9762 train_time:1678111ms step_avg:364.81ms
step:4800/19074 train_loss:2.1919 train_time:1750912ms step_avg:364.77ms
step:5000/19074 train_loss:2.0746 train_time:1823733ms step_avg:364.75ms
step:5000/19074 val_loss:2.1311 val_bpb:1.2622 train_time:1823740ms step_avg:364.75ms
step:5200/19074 train_loss:2.1600 train_time:1896577ms step_avg:364.73ms
step:5400/19074 train_loss:2.1404 train_time:1969312ms step_avg:364.69ms
step:5600/19074 train_loss:2.2085 train_time:2042071ms step_avg:364.66ms
step:5800/19074 train_loss:2.1205 train_time:2114767ms step_avg:364.61ms
step:6000/19074 train_loss:2.1357 train_time:2187490ms step_avg:364.58ms
step:6000/19074 val_loss:2.1118 val_bpb:1.2507 train_time:2187497ms step_avg:364.58ms
step:6200/19074 train_loss:2.0791 train_time:2260197ms step_avg:364.55ms
step:6400/19074 train_loss:2.0953 train_time:2332836ms step_avg:364.51ms
step:6600/19074 train_loss:2.0635 train_time:2405484ms step_avg:364.47ms
step:6800/19074 train_loss:2.0699 train_time:2478211ms step_avg:364.44ms
step:7000/19074 train_loss:2.1649 train_time:2550891ms step_avg:364.41ms
step:7000/19074 val_loss:2.0834 val_bpb:1.2339 train_time:2550898ms step_avg:364.41ms
step:7200/19074 train_loss:2.1511 train_time:2623523ms step_avg:364.38ms
step:7400/19074 train_loss:2.0434 train_time:2696134ms step_avg:364.34ms
step:7600/19074 train_loss:1.9423 train_time:2768753ms step_avg:364.31ms
step:7800/19074 train_loss:2.0561 train_time:2841397ms step_avg:364.28ms
step:8000/19074 train_loss:2.0466 train_time:2914107ms step_avg:364.26ms
step:8000/19074 val_loss:2.0620 val_bpb:1.2212 train_time:2914114ms step_avg:364.26ms
step:8200/19074 train_loss:2.0642 train_time:2986702ms step_avg:364.23ms
step:8400/19074 train_loss:2.0310 train_time:3059599ms step_avg:364.24ms
step:8600/19074 train_loss:2.0668 train_time:3132256ms step_avg:364.22ms
step:8800/19074 train_loss:2.0176 train_time:3204874ms step_avg:364.19ms
step:9000/19074 train_loss:1.9383 train_time:3277470ms step_avg:364.16ms
step:9000/19074 val_loss:2.0489 val_bpb:1.2135 train_time:3277477ms step_avg:364.16ms
step:9200/19074 train_loss:1.9716 train_time:3350092ms step_avg:364.14ms
step:9400/19074 train_loss:2.0484 train_time:3422710ms step_avg:364.12ms
step:9600/19074 train_loss:2.0796 train_time:3495250ms step_avg:364.09ms
step:9800/19074 train_loss:1.9747 train_time:3567778ms step_avg:364.06ms
step:10000/19074 train_loss:2.0182 train_time:3640277ms step_avg:364.03ms
step:10000/19074 val_loss:2.0422 val_bpb:1.2095 train_time:3640284ms step_avg:364.03ms
step:10200/19074 train_loss:2.0525 train_time:3712800ms step_avg:364.00ms
step:10400/19074 train_loss:1.9401 train_time:3785297ms step_avg:363.97ms
step:10600/19074 train_loss:1.9655 train_time:3857959ms step_avg:363.96ms
step:10800/19074 train_loss:2.1010 train_time:3930500ms step_avg:363.94ms
step:11000/19074 train_loss:1.9992 train_time:4002979ms step_avg:363.91ms
step:11000/19074 val_loss:2.0340 val_bpb:1.2047 train_time:4002987ms step_avg:363.91ms
step:11200/19074 train_loss:2.0254 train_time:4075457ms step_avg:363.88ms
step:11400/19074 train_loss:1.9967 train_time:4147927ms step_avg:363.85ms
step:11600/19074 train_loss:1.9603 train_time:4220424ms step_avg:363.83ms
step:11800/19074 train_loss:2.0210 train_time:4292909ms step_avg:363.81ms
step:12000/19074 train_loss:2.0212 train_time:4365335ms step_avg:363.78ms
step:12000/19074 val_loss:2.0232 val_bpb:1.1983 train_time:4365342ms step_avg:363.78ms
step:12200/19074 train_loss:2.1201 train_time:4437853ms step_avg:363.76ms
step:12400/19074 train_loss:1.8991 train_time:4510594ms step_avg:363.76ms
step:12600/19074 train_loss:1.9987 train_time:4583068ms step_avg:363.74ms
step:12800/19074 train_loss:2.0667 train_time:4655556ms step_avg:363.72ms
step:13000/19074 train_loss:2.0183 train_time:4727969ms step_avg:363.69ms
step:13000/19074 val_loss:2.0172 val_bpb:1.1947 train_time:4727977ms step_avg:363.69ms
step:13200/19074 train_loss:2.0578 train_time:4800470ms step_avg:363.67ms
step:13400/19074 train_loss:1.9473 train_time:4872911ms step_avg:363.65ms
step:13600/19074 train_loss:1.9399 train_time:4945385ms step_avg:363.63ms
step:13800/19074 train_loss:1.9481 train_time:5017853ms step_avg:363.61ms
step:14000/19074 train_loss:2.0586 train_time:5090313ms step_avg:363.59ms
step:14000/19074 val_loss:2.0064 val_bpb:1.1883 train_time:5090320ms step_avg:363.59ms
step:14200/19074 train_loss:2.0742 train_time:5162777ms step_avg:363.58ms
step:14400/19074 train_loss:2.1155 train_time:5235214ms step_avg:363.56ms
step:14600/19074 train_loss:1.9538 train_time:5307652ms step_avg:363.54ms
step:14800/19074 train_loss:1.9389 train_time:5380086ms step_avg:363.52ms
step:15000/19074 train_loss:2.0069 train_time:5452543ms step_avg:363.50ms
step:15000/19074 val_loss:2.0004 val_bpb:1.1848 train_time:5452550ms step_avg:363.50ms
step:15200/19074 train_loss:2.0258 train_time:5525069ms step_avg:363.49ms
step:15400/19074 train_loss:1.9831 train_time:5597487ms step_avg:363.47ms
step:15600/19074 train_loss:2.0742 train_time:5669911ms step_avg:363.46ms
step:15800/19074 train_loss:1.7786 train_time:5742354ms step_avg:363.44ms
step:16000/19074 train_loss:2.0732 train_time:5814810ms step_avg:363.43ms
step:16000/19074 val_loss:1.9970 val_bpb:1.1827 train_time:5814817ms step_avg:363.43ms
step:16200/19074 train_loss:2.0704 train_time:5887238ms step_avg:363.41ms
step:16400/19074 train_loss:2.0264 train_time:5959673ms step_avg:363.39ms
step:16600/19074 train_loss:1.9714 train_time:6032341ms step_avg:363.39ms
step:16800/19074 train_loss:1.9192 train_time:6104766ms step_avg:363.38ms
step:17000/19074 train_loss:1.9187 train_time:6177178ms step_avg:363.36ms
step:17000/19074 val_loss:1.9911 val_bpb:1.1793 train_time:6177185ms step_avg:363.36ms
step:17200/19074 train_loss:1.9695 train_time:6249571ms step_avg:363.35ms
step:17400/19074 train_loss:1.9622 train_time:6321962ms step_avg:363.33ms
step:17600/19074 train_loss:1.9264 train_time:6394354ms step_avg:363.32ms
step:17800/19074 train_loss:1.9970 train_time:6466745ms step_avg:363.30ms
step:18000/19074 train_loss:1.9950 train_time:6539116ms step_avg:363.28ms
step:18000/19074 val_loss:1.9823 val_bpb:1.1740 train_time:6539124ms step_avg:363.28ms
step:18200/19074 train_loss:1.9922 train_time:6611481ms step_avg:363.27ms
step:18400/19074 train_loss:2.0015 train_time:6683803ms step_avg:363.25ms
step:18600/19074 train_loss:1.9132 train_time:6756177ms step_avg:363.24ms
step:18800/19074 train_loss:1.9786 train_time:6828488ms step_avg:363.22ms
step:19000/19074 train_loss:1.8795 train_time:6900836ms step_avg:363.20ms
step:19000/19074 val_loss:1.9349 val_bpb:1.1460 train_time:6900843ms step_avg:363.20ms
step:19074/19074 val_loss:1.9331 val_bpb:1.1449 train_time:6927707ms step_avg:363.20ms
peak memory allocated: 64837 MiB reserved: 65468 MiB
Serialized model: 530624049 bytes
Code size: 24704 bytes
Total submission size: 530648753 bytes
final val_loss:1.9331 val_bpb:1.1449 eval_time:12504ms
final_exact val_loss:1.93310176 val_bpb:1.14489175
wandb: 
wandb: Run history:
wandb:           artifact/code_bytes ▁
wandb:          artifact/model_bytes ▁
wandb: artifact/submission_bytes_raw ▁
wandb:            final/eval_time_ms ▁
wandb:                    final/step ▁
wandb:                 final/val_bpb ▁
wandb:                final/val_loss ▁
wandb:        setup/grad_accum_steps ▁
wandb:            setup/model_params ▁
wandb:            setup/train_shards ▁
wandb:                           +16 ...
wandb: 
wandb: Run summary:
wandb:           artifact/code_bytes 24704
wandb:          artifact/model_bytes 530624049
wandb: artifact/submission_bytes_raw 530648753
wandb:            final/eval_time_ms 12503.94967
wandb:                    final/step 19074
wandb:           final/stopped_early False
wandb:                 final/val_bpb 1.14489
wandb:                final/val_loss 1.9331
wandb:        peak_mem_allocated_mib 64837
wandb:         peak_mem_reserved_mib 65468
wandb:                           +22 ...
wandb: 
wandb: You can sync this run to the cloud by running:
wandb: wandb sync /inspire/hdd/global_user/wanjiaxin-253108030048/code/bag-of-tricks-transformers/wandb/tie-embed-medium-fixed_tokens_10b/wandb/offline-run-20260519_042410-icx8f7te
wandb: Find logs at: ./wandb/tie-embed-medium-fixed_tokens_10b/wandb/offline-run-20260519_042410-icx8f7te/logs
Wrote final metrics to /inspire/hdd/global_user/wanjiaxin-253108030048/code/bag-of-tricks-transformers/exp/tie-embed/logs/experiment-20260519-040117/tie-embed-medium-fixed_tokens_10b/result.json
Wrote batch results to /inspire/hdd/global_user/wanjiaxin-253108030048/code/bag-of-tricks-transformers/exp/tie-embed/logs/experiment-20260519-040117/results.json
--- Training PASSED ---

========================================
=== Rerunning: kv-sharing-only ===
========================================
--- Manifest: exp/kv-sharing-only/kv-sharing-only.json ---
--- Dry-run validation ---
[kv-sharing-only-small-fixed_time_20min]
  variant: kv-sharing-only
  control: fixed_compute (fixed_compute)
  trainer: /inspire/hdd/global_user/wanjiaxin-253108030048/code/bag-of-tricks-transformers/exp/kv-sharing-only/train_gpt.py
  run_id: experiment-20260519-062516-kv-sharing-only-small-fixed_time_20min
  model: layers=9 dim=512 heads=8 kv_heads=4 mlp_mult=2
  tokens: target=0 actual=None
  wallclock: target=1200.0 max=1200.0
  output: /inspire/hdd/global_user/wanjiaxin-253108030048/code/bag-of-tricks-transformers/exp/kv-sharing-only/logs/experiment-20260519-062516/kv-sharing-only-small-fixed_time_20min/result.json
  command: torchrun --standalone --nproc_per_node=4 --master_port=29500 /inspire/hdd/global_user/wanjiaxin-253108030048/code/bag-of-tricks-transformers/exp/kv-sharing-only/train_gpt.py
[kv-sharing-only-small-fixed_tokens_10b]
  variant: kv-sharing-only
  control: fixed_tokens (fixed_tokens)
  trainer: /inspire/hdd/global_user/wanjiaxin-253108030048/code/bag-of-tricks-transformers/exp/kv-sharing-only/train_gpt.py
  run_id: experiment-20260519-062516-kv-sharing-only-small-fixed_tokens_10b
  model: layers=9 dim=512 heads=8 kv_heads=4 mlp_mult=2
  tokens: target=10000000000 actual=10000269312
  wallclock: target=0.0 max=0.0
  output: /inspire/hdd/global_user/wanjiaxin-253108030048/code/bag-of-tricks-transformers/exp/kv-sharing-only/logs/experiment-20260519-062516/kv-sharing-only-small-fixed_tokens_10b/result.json
  command: torchrun --standalone --nproc_per_node=4 --master_port=29501 /inspire/hdd/global_user/wanjiaxin-253108030048/code/bag-of-tricks-transformers/exp/kv-sharing-only/train_gpt.py
--- Dry-run passed ---
--- Launching training ---
Running kv-sharing-only / fixed_compute (experiment-20260519-062516-kv-sharing-only-small-fixed_time_20min)
W0519 06:25:19.268000 1049532 .venv/lib/python3.12/site-packages/torch/distributed/run.py:774] 
W0519 06:25:19.268000 1049532 .venv/lib/python3.12/site-packages/torch/distributed/run.py:774] *****************************************
W0519 06:25:19.268000 1049532 .venv/lib/python3.12/site-packages/torch/distributed/run.py:774] Setting OMP_NUM_THREADS environment variable for each process to be 1 in default, to avoid your system being overloaded, please further tune the variable for optimal performance in your application as needed. 
W0519 06:25:19.268000 1049532 .venv/lib/python3.12/site-packages/torch/distributed/run.py:774] *****************************************
/inspire/hdd/global_user/wanjiaxin-253108030048/code/bag-of-tricks-transformers/exp/kv-sharing-only/logs/experiment-20260519-062516/kv-sharing-only-small-fixed_time_20min/log/experiment-20260519-062516-kv-sharing-only-small-fixed_time_20min.txt
val_bpb:enabled tokenizer_kind=sentencepiece tokenizer_path=./data/tokenizers/fineweb_1024_bpe.model
train_loader:dataset:fineweb10B_sp1024 train_shards:195
val_loader:shards pattern=./data/datasets/fineweb10B_sp1024/fineweb_val_*.bin tokens:62021632
model_params:17039360
world_size:4 grad_accum_steps:1
sdp_backends:cudnn=False flash=True mem_efficient=False math=False
attention_mode:gqa num_heads:8 num_kv_heads:4
tie_embeddings:False embed_lr:0.6 head_lr:0.008 matrix_lr:0.04 scalar_lr:0.04
train_batch_tokens:524288 train_seq_len:1024 iterations:1000000 warmup_steps:50 max_wallclock_seconds:1200.000
seed:1337
wandb: WARNING Using a boolean value for 'reinit' is deprecated. Use 'return_previous' or 'finish_previous' instead.
wandb: Tracking run with wandb version 0.25.1
wandb: W&B syncing is set to `offline` in this directory. Run `wandb online` or set WANDB_MODE=online to enable cloud syncing.
wandb: Run data is saved locally in /inspire/hdd/global_user/wanjiaxin-253108030048/code/bag-of-tricks-transformers/wandb/kv-sharing-only-small-fixed_time_20min/wandb/offline-run-20260519_062532-1y7wbxuw
warmup_step:10/50
warmup_step:20/50
warmup_step:30/50
warmup_step:40/50
warmup_step:50/50
step:0/1000000 val_loss:6.9316 val_bpb:4.1053 train_time:0ms step_avg:0.02ms
step:1/1000000 train_loss:6.9315 train_time:41ms step_avg:40.93ms
step:2/1000000 train_loss:6.8464 train_time:112ms step_avg:55.97ms
step:3/1000000 train_loss:5.3184 train_time:186ms step_avg:61.85ms
step:4/1000000 train_loss:5.0297 train_time:260ms step_avg:64.89ms
step:5/1000000 train_loss:4.7779 train_time:334ms step_avg:66.77ms
step:6/1000000 train_loss:4.7911 train_time:409ms step_avg:68.14ms
step:7/1000000 train_loss:4.5312 train_time:483ms step_avg:69.07ms
step:8/1000000 train_loss:4.5238 train_time:559ms step_avg:69.86ms
step:9/1000000 train_loss:4.4665 train_time:634ms step_avg:70.40ms
step:10/1000000 train_loss:4.4562 train_time:708ms step_avg:70.77ms
step:200/1000000 train_loss:2.7269 train_time:15011ms step_avg:75.06ms
step:400/1000000 train_loss:2.3226 train_time:30092ms step_avg:75.23ms
step:600/1000000 train_loss:2.5607 train_time:45236ms step_avg:75.39ms
step:800/1000000 train_loss:2.4514 train_time:60381ms step_avg:75.48ms
step:1000/1000000 train_loss:2.4067 train_time:75568ms step_avg:75.57ms
step:1000/1000000 val_loss:2.3974 val_bpb:1.4199 train_time:75605ms step_avg:75.60ms
step:1200/1000000 train_loss:2.3753 train_time:90750ms step_avg:75.62ms
step:1400/1000000 train_loss:2.4717 train_time:105878ms step_avg:75.63ms
step:1600/1000000 train_loss:2.2386 train_time:120958ms step_avg:75.60ms
step:1800/1000000 train_loss:2.2861 train_time:136099ms step_avg:75.61ms
step:2000/1000000 train_loss:2.3070 train_time:151198ms step_avg:75.60ms
step:2000/1000000 val_loss:2.2985 val_bpb:1.3613 train_time:151234ms step_avg:75.62ms
step:2200/1000000 train_loss:2.2120 train_time:166260ms step_avg:75.57ms
step:2400/1000000 train_loss:2.2048 train_time:181326ms step_avg:75.55ms
step:2600/1000000 train_loss:2.3870 train_time:196435ms step_avg:75.55ms
